<?xml version="1.0" encoding="UTF-8"?>
<!-- Generated by org.testng.reporters.JUnitReportReporter -->
<testsuite hostname="Yasmin" failures="0" tests="5" name="com.automation.runners.FirebaseRunner" time="25.573" errors="0" timestamp="2023-11-12T20:08:57 EST" skipped="0">
  <testcase classname="com.automation.runners.FirebaseRunner" name="runScenario" time="3.481"/>
  <system-out/>
  <testcase classname="com.automation.runners.FirebaseRunner" name="runScenario" time="6.491"/>
  <system-out/>
  <testcase classname="com.automation.runners.FirebaseRunner" name="runScenario" time="3.028"/>
  <system-out/>
  <testcase classname="com.automation.runners.FirebaseRunner" name="runScenario" time="6.968"/>
  <system-out/>
  <testcase classname="com.automation.runners.FirebaseRunner" name="runScenario" time="5.605"/>
  <system-out/>
</testsuite> <!-- com.automation.runners.FirebaseRunner -->
